SF:/Users/johannystrom/repos/TinyTypeMapper/TinyMapper/Exceptions/ListConverterMissingException.cs
FN:8,System.Void TinyMapper.ListConverterMissingException::.ctor()
FNDA:0,System.Void TinyMapper.ListConverterMissingException::.ctor()
DA:9,0
DA:10,0
DA:11,0
FN:12,System.Void TinyMapper.ListConverterMissingException::.ctor(System.Type)
FNDA:0,System.Void TinyMapper.ListConverterMissingException::.ctor(System.Type)
DA:13,0
DA:14,0
DA:15,0
FN:16,System.Void TinyMapper.ListConverterMissingException::.ctor(System.String)
FNDA:0,System.Void TinyMapper.ListConverterMissingException::.ctor(System.String)
DA:17,0
DA:18,0
DA:19,0
FN:20,System.Void TinyMapper.ListConverterMissingException::.ctor(System.String,System.Exception)
FNDA:0,System.Void TinyMapper.ListConverterMissingException::.ctor(System.String,System.Exception)
DA:21,0
DA:22,0
DA:23,0
FN:24,System.Void TinyMapper.ListConverterMissingException::.ctor(System.Runtime.Serialization.SerializationInfo,System.Runtime.Serialization.StreamingContext)
FNDA:0,System.Void TinyMapper.ListConverterMissingException::.ctor(System.Runtime.Serialization.SerializationInfo,System.Runtime.Serialization.StreamingContext)
DA:25,0
DA:26,0
DA:27,0
LF:15
LH:0
BRF:0
BRH:0
FNF:5
FNH:0
end_of_record
SF:/Users/johannystrom/repos/TinyTypeMapper/TinyMapper/Exceptions/MapperAlreadyDefinedException.cs
FN:8,System.Void TinyMapper.MapperAlreadyDefinedException::.ctor()
FNDA:0,System.Void TinyMapper.MapperAlreadyDefinedException::.ctor()
DA:9,0
DA:10,0
DA:11,0
FN:12,System.Void TinyMapper.MapperAlreadyDefinedException::.ctor(System.String)
FNDA:0,System.Void TinyMapper.MapperAlreadyDefinedException::.ctor(System.String)
DA:13,0
DA:14,0
DA:15,0
FN:16,System.Void TinyMapper.MapperAlreadyDefinedException::.ctor(System.Type,System.Type)
FNDA:1,System.Void TinyMapper.MapperAlreadyDefinedException::.ctor(System.Type,System.Type)
DA:17,1
DA:18,1
DA:19,1
FN:20,System.Void TinyMapper.MapperAlreadyDefinedException::.ctor(System.String,System.Exception)
FNDA:0,System.Void TinyMapper.MapperAlreadyDefinedException::.ctor(System.String,System.Exception)
DA:21,0
DA:22,0
DA:23,0
FN:24,System.Void TinyMapper.MapperAlreadyDefinedException::.ctor(System.Runtime.Serialization.SerializationInfo,System.Runtime.Serialization.StreamingContext)
FNDA:0,System.Void TinyMapper.MapperAlreadyDefinedException::.ctor(System.Runtime.Serialization.SerializationInfo,System.Runtime.Serialization.StreamingContext)
DA:25,0
DA:26,0
DA:27,0
LF:15
LH:3
BRF:0
BRH:0
FNF:5
FNH:1
end_of_record
SF:/Users/johannystrom/repos/TinyTypeMapper/TinyMapper/Exceptions/MapperNotFoundException.cs
FN:8,System.Void TinyMapper.MapperNotFoundException::.ctor()
FNDA:0,System.Void TinyMapper.MapperNotFoundException::.ctor()
DA:9,0
DA:10,0
DA:11,0
FN:12,System.Void TinyMapper.MapperNotFoundException::.ctor(System.String)
FNDA:0,System.Void TinyMapper.MapperNotFoundException::.ctor(System.String)
DA:13,0
DA:14,0
DA:15,0
FN:16,System.Void TinyMapper.MapperNotFoundException::.ctor(System.Type,System.Type)
FNDA:0,System.Void TinyMapper.MapperNotFoundException::.ctor(System.Type,System.Type)
DA:17,0
DA:18,0
DA:19,0
FN:20,System.Void TinyMapper.MapperNotFoundException::.ctor(System.String,System.Exception)
FNDA:0,System.Void TinyMapper.MapperNotFoundException::.ctor(System.String,System.Exception)
DA:21,0
DA:22,0
DA:23,0
FN:24,System.Void TinyMapper.MapperNotFoundException::.ctor(System.Runtime.Serialization.SerializationInfo,System.Runtime.Serialization.StreamingContext)
FNDA:0,System.Void TinyMapper.MapperNotFoundException::.ctor(System.Runtime.Serialization.SerializationInfo,System.Runtime.Serialization.StreamingContext)
DA:25,0
DA:26,0
DA:27,0
LF:15
LH:0
BRF:0
BRH:0
FNF:5
FNH:0
end_of_record
SF:/Users/johannystrom/repos/TinyTypeMapper/TinyMapper/Mapper.cs
FN:7,System.Type TinyMapper.Mapper::get_From()
FNDA:44,System.Type TinyMapper.Mapper::get_From()
DA:8,44
FN:8,System.Type TinyMapper.Mapper::get_To()
FNDA:33,System.Type TinyMapper.Mapper::get_To()
DA:9,33
FN:10,System.Boolean TinyMapper.Mapper::Matches(System.Type,System.Type)
FNDA:28,System.Boolean TinyMapper.Mapper::Matches(System.Type,System.Type)
DA:11,28
BRDA:11,12,0,17
BRDA:11,12,1,11
FN:12,System.Func`2<System.Object,System.Threading.Tasks.Task`1<System.Object>> TinyMapper.Mapper::get_Converter()
FNDA:30,System.Func`2<System.Object,System.Threading.Tasks.Task`1<System.Object>> TinyMapper.Mapper::get_Converter()
DA:13,30
LF:4
LH:4
BRF:2
BRH:2
FNF:4
FNH:4
end_of_record
SF:/Users/johannystrom/repos/TinyTypeMapper/TinyMapper/MapperExtensions.cs
FN:11,TTo TinyMapper.MapperExtensions::Convert(System.Object,System.Func`2<TTo,System.Threading.Tasks.Task`1<TTo>>)
FNDA:0,TTo TinyMapper.MapperExtensions::Convert(System.Object,System.Func`2<TTo,System.Threading.Tasks.Task`1<TTo>>)
DA:12,0
FN:13,System.Threading.Tasks.Task`1<TTo> TinyMapper.MapperExtensions::ConvertAsync(System.Object,System.Func`2<TTo,System.Threading.Tasks.Task`1<TTo>>)
FNDA:11,System.Threading.Tasks.Task`1<TTo> TinyMapper.MapperExtensions::ConvertAsync(System.Object,System.Func`2<TTo,System.Threading.Tasks.Task`1<TTo>>)
DA:14,11
FN:15,System.Threading.Tasks.Task`1<System.Collections.Generic.IEnumerable`1<TTo>> TinyMapper.MapperExtensions::ConvertListAsync(System.Object)
FNDA:0,System.Threading.Tasks.Task`1<System.Collections.Generic.IEnumerable`1<TTo>> TinyMapper.MapperExtensions::ConvertListAsync(System.Object)
DA:16,0
LF:3
LH:1
BRF:0
BRH:0
FNF:3
FNH:1
end_of_record
SF:/Users/johannystrom/repos/TinyTypeMapper/TinyMapper/TypeConverterAttribute.cs
FN:11,System.String TinyMapper.MapToAttribute::get_PropertyName()
FNDA:9,System.String TinyMapper.MapToAttribute::get_PropertyName()
DA:12,9
FN:13,System.Void TinyMapper.MapToAttribute::.ctor(System.String)
FNDA:9,System.Void TinyMapper.MapToAttribute::.ctor(System.String)
DA:14,9
DA:15,9
DA:16,9
DA:17,9
LF:5
LH:5
BRF:0
BRH:0
FNF:2
FNH:2
end_of_record
SF:/Users/johannystrom/repos/TinyTypeMapper/TinyMapper/Handler/Handler.cs
FN:20,System.Boolean TinyMapper.Handler.MappingHandler::HasMapper(System.Type,System.Type)
FNDA:16,System.Boolean TinyMapper.Handler.MappingHandler::HasMapper(System.Type,System.Type)
DA:21,16
FN:21,System.Boolean TinyMapper.Handler.MappingHandler::HasMapper()
FNDA:16,System.Boolean TinyMapper.Handler.MappingHandler::HasMapper()
DA:22,16
FN:23,TinyMapper.Mapper TinyMapper.Handler.MappingHandler::FindMapper(System.Type,System.Type)
FNDA:63,TinyMapper.Mapper TinyMapper.Handler.MappingHandler::FindMapper(System.Type,System.Type)
DA:24,63
FN:25,System.Void TinyMapper.Handler.MappingHandler::Reset()
FNDA:11,System.Void TinyMapper.Handler.MappingHandler::Reset()
DA:26,11
FN:19,System.Void TinyMapper.Handler.MappingHandler::.cctor()
FNDA:1,System.Void TinyMapper.Handler.MappingHandler::.cctor()
DA:20,1
FN:28,System.Void TinyMapper.Handler.MappingHandler/<ConvertListAsync>d__9`1::MoveNext()
FNDA:0,System.Void TinyMapper.Handler.MappingHandler/<ConvertListAsync>d__9`1::MoveNext()
DA:29,0
DA:30,0
DA:31,0
DA:32,0
DA:33,0
DA:34,0
DA:35,0
DA:36,0
DA:37,0
DA:39,0
DA:40,0
BRDA:29,8,0,0
BRDA:30,46,0,0
BRDA:33,144,1,0
BRDA:33,144,0,0
BRDA:37,212,0,0
BRDA:29,8,1,0
BRDA:37,212,1,0
BRDA:30,46,1,0
LF:16
LH:5
BRF:8
BRH:0
FNF:6
FNH:5
end_of_record
SF:/Users/johannystrom/repos/TinyTypeMapper/TinyMapper/Handler/Handler_AddConverters.cs
FN:9,System.Void TinyMapper.Handler.MappingHandler::AddConverters(System.Object)
FNDA:0,System.Void TinyMapper.Handler.MappingHandler::AddConverters(System.Object)
DA:10,0
DA:11,0
DA:12,0
DA:13,0
DA:14,0
DA:15,0
DA:16,0
DA:17,0
DA:18,0
DA:19,0
DA:21,0
DA:22,0
DA:38,0
DA:39,0
DA:40,0
BRDA:12,125,1,0
BRDA:15,35,0,0
BRDA:15,35,1,0
BRDA:15,55,0,0
BRDA:15,55,1,0
BRDA:12,125,0,0
LF:15
LH:0
BRF:6
BRH:0
FNF:1
FNH:0
end_of_record
SF:/Users/johannystrom/repos/TinyTypeMapper/TinyMapper/Handler/Handler_AddMapping.cs
FN:8,System.Void TinyMapper.Handler.MappingHandler::AddMapping(System.Func`2<TFrom,System.Threading.Tasks.Task`1<TTo>>)
FNDA:13,System.Void TinyMapper.Handler.MappingHandler::AddMapping(System.Func`2<TFrom,System.Threading.Tasks.Task`1<TTo>>)
DA:9,13
DA:10,13
DA:11,13
DA:12,24
DA:13,24
DA:14,24
DA:15,13
DA:16,13
DA:17,13
DA:18,13
DA:19,11
DA:20,11
DA:21,11
DA:23,2
DA:24,2
DA:25,2
DA:26,2
DA:27,1
DA:28,1
DA:29,1
DA:30,1
DA:31,12
BRDA:18,85,0,11
BRDA:18,85,1,2
BRDA:24,116,0,2
BRDA:26,156,0,1
BRDA:26,156,1,1
BRDA:24,116,1,1
FN:33,System.Void TinyMapper.Handler.MappingHandler::ReplaceMapper(System.Type,System.Type,TinyMapper.Mapper)
FNDA:1,System.Void TinyMapper.Handler.MappingHandler::ReplaceMapper(System.Type,System.Type,TinyMapper.Mapper)
DA:34,1
DA:35,1
DA:36,1
DA:37,1
FN:39,System.Void TinyMapper.Handler.MappingHandler::AddMapping(System.Func`2<TFrom,TTo>)
FNDA:3,System.Void TinyMapper.Handler.MappingHandler::AddMapping(System.Func`2<TFrom,TTo>)
DA:40,3
DA:41,3
DA:42,3
DA:43,6
DA:44,6
DA:45,6
DA:46,3
DA:47,3
DA:48,3
DA:50,3
DA:51,3
DA:52,3
DA:53,3
DA:55,0
DA:56,0
DA:57,0
DA:58,0
DA:59,0
DA:60,0
DA:61,0
DA:62,0
DA:63,3
BRDA:50,85,0,3
BRDA:50,85,1,0
BRDA:56,116,0,0
BRDA:58,156,0,0
BRDA:58,156,1,0
BRDA:56,116,1,0
FN:65,System.Void TinyMapper.Handler.MappingHandler::AddMapping(System.Delegate[])
FNDA:0,System.Void TinyMapper.Handler.MappingHandler::AddMapping(System.Delegate[])
DA:66,0
DA:67,0
DA:68,0
DA:69,0
DA:70,0
DA:71,0
DA:72,0
DA:73,0
DA:74,0
DA:75,0
DA:76,0
DA:77,0
DA:79,0
DA:80,0
DA:81,0
DA:82,0
DA:83,0
DA:84,0
DA:85,0
DA:87,0
DA:88,0
DA:89,0
DA:90,0
DA:91,0
DA:92,0
DA:94,0
DA:95,0
DA:96,0
DA:97,0
DA:99,0
DA:100,0
DA:101,0
DA:102,0
DA:103,0
DA:104,0
DA:105,0
DA:106,0
DA:107,0
DA:108,0
BRDA:67,269,1,0
BRDA:73,78,0,0
BRDA:73,78,1,0
BRDA:79,98,0,0
BRDA:79,98,1,0
BRDA:94,178,0,0
BRDA:94,178,1,0
BRDA:100,210,0,0
BRDA:102,234,0,0
BRDA:102,234,1,0
BRDA:100,210,1,0
BRDA:67,269,0,0
LF:87
LH:40
BRF:49
BRH:13
FNF:4
FNH:3
end_of_record
SF:/Users/johannystrom/repos/TinyTypeMapper/TinyMapper/Handler/Handler_AutoConverter.cs
FN:13,System.Func`2<TFrom,System.Threading.Tasks.Task`1<TTo>> TinyMapper.Handler.MappingHandler::AutoConverter(System.Func`3<TFrom,TTo,System.Threading.Tasks.Task`1<TTo>>,TinyMapper.Handler.MappingPropertySource,System.Boolean)
FNDA:1,System.Func`2<TFrom,System.Threading.Tasks.Task`1<TTo>> TinyMapper.Handler.MappingHandler::AutoConverter(System.Func`3<TFrom,TTo,System.Threading.Tasks.Task`1<TTo>>,TinyMapper.Handler.MappingPropertySource,System.Boolean)
DA:14,1
DA:15,2
DA:16,2
DA:17,1
DA:18,1
DA:19,1
DA:20,1
DA:21,2
DA:22,2
DA:23,2
DA:24,2
DA:25,2
DA:26,1
DA:27,1
DA:28,1
DA:29,1
DA:30,2
DA:31,2
DA:32,2
FN:33,System.Func`2<TFrom,System.Threading.Tasks.Task`1<TTo>> TinyMapper.Handler.MappingHandler::AutoConverter(TinyMapper.Handler.MappingPropertySource,System.Boolean)
FNDA:10,System.Func`2<TFrom,System.Threading.Tasks.Task`1<TTo>> TinyMapper.Handler.MappingHandler::AutoConverter(TinyMapper.Handler.MappingPropertySource,System.Boolean)
DA:34,10
DA:35,19
DA:36,19
DA:37,10
DA:38,10
DA:39,10
DA:40,10
DA:41,19
DA:42,19
DA:43,18
DA:44,18
DA:45,18
DA:46,10
DA:47,11
DA:48,11
DA:49,10
DA:50,18
DA:51,18
FN:153,System.Object TinyMapper.Handler.MappingHandler::ConvertEnum(System.Object,System.Type)
FNDA:3,System.Object TinyMapper.Handler.MappingHandler::ConvertEnum(System.Object,System.Type)
DA:154,3
DA:155,3
DA:156,3
BRDA:155,9,0,2
BRDA:155,9,1,1
FN:193,System.Type TinyMapper.Handler.MappingHandler::GetListType(System.Type)
FNDA:1,System.Type TinyMapper.Handler.MappingHandler::GetListType(System.Type)
DA:194,1
DA:195,1
DA:196,1
DA:197,1
DA:198,1
BRDA:194,6,0,0
BRDA:194,14,0,0
BRDA:194,14,1,0
BRDA:194,6,1,1
FN:201,System.Reflection.PropertyInfo TinyMapper.Handler.MappingHandler::FindProperty(System.Reflection.PropertyInfo,System.Type)
FNDA:55,System.Reflection.PropertyInfo TinyMapper.Handler.MappingHandler::FindProperty(System.Reflection.PropertyInfo,System.Type)
DA:202,55
DA:203,55
DA:204,55
DA:205,55
DA:206,9
DA:207,9
DA:208,9
DA:209,55
DA:210,55
BRDA:205,21,0,9
BRDA:205,21,1,55
FN:53,System.Void TinyMapper.Handler.MappingHandler/<Copy>d__17::MoveNext()
FNDA:1,System.Void TinyMapper.Handler.MappingHandler/<Copy>d__17::MoveNext()
DA:54,1
DA:55,1
DA:56,1
DA:57,1
DA:59,4
DA:60,1
DA:61,1
DA:62,1
DA:63,0
DA:64,0
DA:66,0
DA:67,0
DA:69,1
DA:70,1
DA:71,1
DA:72,1
DA:74,0
DA:75,0
DA:76,0
BRDA:59,466,1,1
BRDA:62,151,1,1
BRDA:70,387,0,1
FN:78,System.Void TinyMapper.Handler.MappingHandler/<CopyReverse>d__18::MoveNext()
FNDA:9,System.Void TinyMapper.Handler.MappingHandler/<CopyReverse>d__18::MoveNext()
DA:79,9
DA:80,9
DA:81,9
DA:82,9
DA:84,135
DA:85,54
DA:86,54
DA:87,54
DA:88,54
DA:89,54
DA:91,54
DA:92,54
DA:93,54
DA:95,0
DA:96,0
DA:97,0
DA:98,0
DA:100,0
DA:101,54
DA:102,9
BRDA:84,447,1,54
BRDA:87,151,0,54
BRDA:91,215,1,54
BRDA:84,447,0,9
FN:104,System.Void TinyMapper.Handler.MappingHandler/<ConvertValue>d__19::MoveNext()
FNDA:57,System.Void TinyMapper.Handler.MappingHandler/<ConvertValue>d__19::MoveNext()
DA:105,57
DA:106,57
DA:107,31
DA:108,31
DA:111,26
DA:112,26
DA:113,19
DA:114,19
DA:117,7
DA:118,7
DA:119,7
DA:120,3
DA:121,3
DA:123,4
DA:125,4
DA:126,0
DA:127,0
DA:128,0
DA:129,0
DA:130,0
DA:131,0
DA:132,0
DA:133,0
DA:134,0
DA:135,0
DA:136,0
DA:139,4
DA:140,3
DA:141,3
DA:144,1
DA:145,1
DA:147,1
DA:150,0
DA:151,57
BRDA:106,58,0,31
BRDA:106,58,1,26
BRDA:112,104,0,19
BRDA:112,104,1,7
BRDA:119,156,0,3
BRDA:121,198,1,3
BRDA:119,156,1,4
BRDA:125,333,1,4
BRDA:139,834,0,2
BRDA:139,834,1,2
BRDA:139,854,0,3
BRDA:139,854,1,1
BRDA:144,910,0,1
BRDA:147,944,1,1
FN:158,System.Void TinyMapper.Handler.MappingHandler/<MakeListOfType>d__21::MoveNext()
FNDA:1,System.Void TinyMapper.Handler.MappingHandler/<MakeListOfType>d__21::MoveNext()
DA:159,1
DA:160,1
DA:161,1
DA:163,1
DA:164,0
DA:165,0
DA:166,0
DA:168,0
DA:169,0
DA:170,0
DA:171,0
DA:172,0
DA:174,1
DA:175,1
DA:176,1
DA:178,0
DA:179,1
BRDA:161,62,1,1
BRDA:163,178,1,1
BRDA:174,389,0,1
FN:181,System.Void TinyMapper.Handler.MappingHandler/<GenerateListOfItems>d__22::MoveNext()
FNDA:1,System.Void TinyMapper.Handler.MappingHandler/<GenerateListOfItems>d__22::MoveNext()
DA:182,1
DA:183,1
DA:184,1
DA:186,9
DA:187,3
DA:188,3
DA:189,3
DA:191,1
DA:192,1
BRDA:186,297,1,3
BRDA:188,164,1,3
BRDA:186,93,0,4
BRDA:186,297,0,1
LF:153
LH:120
BRF:50
BRH:47
FNF:10
FNH:10
end_of_record
SF:/Users/johannystrom/repos/TinyTypeMapper/TinyMapper/Handler/Handler_Convert.cs
FN:32,TTo TinyMapper.Handler.MappingHandler::Convert(System.Object,System.Func`2<TTo,System.Threading.Tasks.Task`1<TTo>>)
FNDA:0,TTo TinyMapper.Handler.MappingHandler::Convert(System.Object,System.Func`2<TTo,System.Threading.Tasks.Task`1<TTo>>)
DA:33,0
FN:8,System.Void TinyMapper.Handler.MappingHandler/<ConvertAsync>d__25`1::MoveNext()
FNDA:11,System.Void TinyMapper.Handler.MappingHandler/<ConvertAsync>d__25`1::MoveNext()
DA:9,11
DA:10,11
DA:11,0
DA:12,0
DA:15,11
DA:16,11
DA:17,11
DA:18,11
DA:19,0
DA:20,0
DA:23,11
DA:24,10
DA:25,0
DA:26,0
DA:27,0
DA:29,10
DA:30,10
BRDA:9,8,0,11
BRDA:9,14,0,11
BRDA:10,40,1,11
BRDA:18,123,1,11
BRDA:23,180,0,1
BRDA:9,8,1,1
BRDA:23,180,1,11
BRDA:24,302,1,10
LF:18
LH:10
BRF:8
BRH:8
FNF:2
FNH:1
end_of_record
SF:/Users/johannystrom/repos/TinyTypeMapper/TinyMapper/Handler/Handler_RemoveMapping.cs
FN:10,System.Boolean TinyMapper.Handler.MappingHandler::Remove(System.Collections.Concurrent.BlockingCollection`1<T>,T)
FNDA:1,System.Boolean TinyMapper.Handler.MappingHandler::Remove(System.Collections.Concurrent.BlockingCollection`1<T>,T)
DA:11,1
DA:12,1
DA:13,1
DA:15,1
DA:17,1
DA:18,1
DA:19,1
DA:20,0
DA:21,1
DA:22,0
DA:23,0
DA:24,0
DA:25,2
DA:26,1
DA:27,1
DA:28,1
DA:29,1
BRDA:25,138,1,1
BRDA:19,65,0,0
BRDA:19,65,1,1
BRDA:21,98,0,0
BRDA:21,98,1,1
BRDA:25,138,0,1
LF:17
LH:13
BRF:6
BRH:4
FNF:1
FNH:1
end_of_record